Flutter crash report; please file at https://github.com/flutter/flutter/issues.

## command

flutter packages get

## exception

YamlException: Error on line 14, column 1: Expected ':'.
dev_dependencies:
^

```
#0      Scanner._staleSimpleKeys (package:yaml/src/scanner.dart:491)
#1      Scanner._fetchMoreTokens (package:yaml/src/scanner.dart:325)
#2      Scanner.peek (package:yaml/src/scanner.dart:317)
#3      Scanner.advance (package:yaml/src/scanner.dart:311)
#4      Parser._parseBlockMappingValue (package:yaml/src/parser.dart:471)
#5      Parser._stateMachine (package:yaml/src/parser.dart:88)
#6      Parser.parse (package:yaml/src/parser.dart:47)
#7      Loader._loadMapping (package:yaml/src/loader.dart:165)
#8      Loader._loadNode (package:yaml/src/loader.dart:86)
#9      Loader._loadMapping (package:yaml/src/loader.dart:165)
#10     Loader._loadNode (package:yaml/src/loader.dart:86)
#11     Loader._loadDocument (package:yaml/src/loader.dart:62)
#12     Loader.load (package:yaml/src/loader.dart:54)
#13     loadYamlDocument (package:yaml/yaml.dart:51)
#14     loadYamlNode (package:yaml/yaml.dart:42)
#15     loadYaml (package:yaml/yaml.dart:34)
#16     _pluginFromPubspec (package:flutter_tools/src/plugins.dart:52)
#17     _findPlugins.<anonymous closure> (package:flutter_tools/src/plugins.dart:75)
#18     _HashVMBase&MapMixin&&_LinkedHashMapMixin.forEach (dart:collection-patch/dart:collection/compact_hash.dart:363)
#19     _findPlugins (package:flutter_tools/src/plugins.dart:73)
#20     injectPlugins (package:flutter_tools/src/plugins.dart:238)
#21     FlutterProject.ensureReadyForPlatformSpecificTooling (package:flutter_tools/src/project.dart:62)
#22     PackagesGetCommand.runCommand (package:flutter_tools/src/commands/packages.dart:80)
<asynchronous suspension>
#23     FlutterCommand.verifyThenRunCommand (package:flutter_tools/src/runner/flutter_command.dart:333)
<asynchronous suspension>
#24     FlutterCommand.run.<anonymous closure> (package:flutter_tools/src/runner/flutter_command.dart:270)
<asynchronous suspension>
#25     AppContext.run.<anonymous closure> (package:flutter_tools/src/base/context.dart:142)
<asynchronous suspension>
#26     _rootRun (dart:async/zone.dart:1126)
#27     _CustomZone.run (dart:async/zone.dart:1023)
#28     runZoned (dart:async/zone.dart:1501)
#29     AppContext.run (package:flutter_tools/src/base/context.dart:141)
<asynchronous suspension>
#30     FlutterCommand.run (package:flutter_tools/src/runner/flutter_command.dart:261)
#31     CommandRunner.runCommand (package:args/command_runner.dart:194)
<asynchronous suspension>
#32     FlutterCommandRunner.runCommand.<anonymous closure> (package:flutter_tools/src/runner/flutter_command_runner.dart:298)
<asynchronous suspension>
#33     AppContext.run.<anonymous closure> (package:flutter_tools/src/base/context.dart:142)
<asynchronous suspension>
#34     _rootRun (dart:async/zone.dart:1126)
#35     _CustomZone.run (dart:async/zone.dart:1023)
#36     runZoned (dart:async/zone.dart:1501)
#37     AppContext.run (package:flutter_tools/src/base/context.dart:141)
<asynchronous suspension>
#38     FlutterCommandRunner.runCommand (package:flutter_tools/src/runner/flutter_command_runner.dart:254)
<asynchronous suspension>
#39     CommandRunner.run.<anonymous closure> (package:args/command_runner.dart:109)
#40     new Future.sync (dart:async/future.dart:222)
#41     CommandRunner.run (package:args/command_runner.dart:109)
#42     FlutterCommandRunner.run (package:flutter_tools/src/runner/flutter_command_runner.dart:168)
#43     run.<anonymous closure> (package:flutter_tools/runner.dart:54)
<asynchronous suspension>
#44     AppContext.run.<anonymous closure> (package:flutter_tools/src/base/context.dart:142)
<asynchronous suspension>
#45     _rootRun (dart:async/zone.dart:1126)
#46     _CustomZone.run (dart:async/zone.dart:1023)
#47     runZoned (dart:async/zone.dart:1501)
#48     AppContext.run (package:flutter_tools/src/base/context.dart:141)
<asynchronous suspension>
#49     runInContext (package:flutter_tools/src/context_runner.dart:41)
<asynchronous suspension>
#50     run (package:flutter_tools/runner.dart:49)
#51     main (package:flutter_tools/executable.dart:48)
<asynchronous suspension>
#52     main (file:///Users/pawankumar/Desktop/flutter/flutter/packages/flutter_tools/bin/flutter_tools.dart:16)
#53     _startIsolate.<anonymous closure> (dart:isolate-patch/dart:isolate/isolate_patch.dart:277)
#54     _RawReceivePortImpl._handleMessage (dart:isolate-patch/dart:isolate/isolate_patch.dart:165)
```

## flutter doctor

```
[✓] Flutter (Channel master, v0.2.7-pre.5, on Mac OS X 10.13.3 17D102, locale en-IN)
    • Flutter version 0.2.7-pre.5 at /Users/pawankumar/Desktop/flutter/flutter
    • Framework revision 68db514ec0 (33 hours ago), 2018-03-30 19:48:51 -0700
    • Engine revision c903c217a1
    • Dart version 2.0.0-dev.43.0.flutter-52afcba357

[✓] Android toolchain - develop for Android devices (Android SDK 27.0.3)
    • Android SDK at /Users/pawankumar/Library/Android/sdk
    • Android NDK location not configured (optional; useful for native profiling support)
    • Platform android-27, build-tools 27.0.3
    • Java binary at: /Applications/Android Studio.app/Contents/jre/jdk/Contents/Home/bin/java
    • Java version OpenJDK Runtime Environment (build 1.8.0_152-release-1024-b01)
    • All Android licenses accepted.

[✓] iOS toolchain - develop for iOS devices (Xcode 9.3)
    • Xcode at /Applications/Xcode.app/Contents/Developer
    • Xcode 9.3, Build version 9E145
    • ios-deploy 1.9.2
    • CocoaPods version 1.3.1

[✓] Android Studio (version 3.1)
    • Android Studio at /Applications/Android Studio.app/Contents
    • Java version OpenJDK Runtime Environment (build 1.8.0_152-release-1024-b01)

[✓] IntelliJ IDEA Ultimate Edition (version 2017.3.5)
    • IntelliJ at /Applications/IntelliJ IDEA.app
    • Flutter plugin version 23.1.2
    • Dart plugin version 173.4700

[✓] Connected devices (2 available)
    • Android SDK built for x86 • emulator-5554                        • android-x86 • Android 8.0.0 (API 26) (emulator)
    • iPhone X                  • 6CC56568-E5AC-4347-B026-53018C7299D8 • ios         • iOS 11.3 (simulator)

• No issues found!
```
